[00:00:00] [Async Chat Thread - #70/INFO]: [Not Secure] <D3ltA_O5> спим
[00:00:03] [Async Chat Thread - #69/INFO]: [Not Secure] <D3ltA_O5> мы трое
[00:00:08] [Async Chat Thread - #69/INFO]: [Not Secure] <B1ade13> кому
[00:00:08] [User Authenticator #15/INFO]: UUID of player Datsun_100_A is a6230dea-131a-3fad-8440-c008909fff1c
[00:00:08] [Server thread/INFO]: Datsun_100_A[/104.28.230.246:62421] logged in with entity id 136810 at ([world]14.5, 65.0, 155.5)
[00:00:09] [Server thread/INFO]: Datsun_100_A joined the game
[00:00:14] [Async Chat Thread - #70/INFO]: [Not Secure] <B1ade13> какие планы
[00:00:17] [Async Chat Thread - #69/INFO]: [Not Secure] <oorafrt> а двое не спят
[00:00:19] [Async Chat Thread - #70/INFO]: [Not Secure] <B1ade13> на вундервафе?
[00:00:22] [Async Chat Thread - #69/INFO]: [Not Secure] <B1ade13> не надо
[00:00:28] [Async Chat Thread - #70/INFO]: [Not Secure] <B1ade13> сюрприз буджэт
[00:00:44] [Async Chat Thread - #69/INFO]: [Not Secure] <oorafrt> а датсан это кто?
[00:00:55] [Async Chat Thread - #70/INFO]: [Not Secure] <D3ltA_O5> Раян Купер
[00:01:00] [Async Chat Thread - #70/INFO]: [Not Secure] <D3ltA_O5> Мы щас в гс вместе
[00:01:08] [Async Chat Thread - #69/INFO]: [Not Secure] <D3ltA_O5> все
[00:01:28] [User Authenticator #16/INFO]: UUID of player BroTitan13 is 03432658-7c87-3b9f-8655-3195485c1edc
[00:01:28] [Server thread/INFO]: BroTitan13[/109.252.83.127:2120] logged in with entity id 137444 at ([world]5.488035170186748, 116.0, 440.4954006519865)
[00:01:28] [Server thread/INFO]: BroTitan13 joined the game
[00:02:11] [Async Chat Thread - #71/INFO]: [Not Secure] <B1ade13> смотри
[00:02:18] [Async Chat Thread - #71/INFO]: [Not Secure] <B1ade13> наверх поднимиь
[00:02:22] [Async Chat Thread - #71/INFO]: [Not Secure] <B1ade13> там дора
[00:02:43] [Async Chat Thread - #72/INFO]: [Not Secure] <B1ade13> ну как?
[00:02:54] [Async Chat Thread - #72/INFO]: [Not Secure] <BroTitan13> Вунлерваффе
[00:02:58] [Async Chat Thread - #71/INFO]: [Not Secure] <Datsun_100_A> Пушка бомба ай ай ай
[00:02:58] [Async Chat Thread - #72/INFO]: [Not Secure] <B1ade13> дооо
[00:03:03] [Async Chat Thread - #71/INFO]: [Not Secure] <B1ade13> слава третьему рейху
[00:03:10] [Async Chat Thread - #71/INFO]: [Not Secure] <B1ade13> а мне похуй
[00:03:15] [Async Chat Thread - #72/INFO]: [Not Secure] <B1ade13> я нацист
[00:03:23] [Async Chat Thread - #71/INFO]: [Not Secure] <B1ade13> БЛЯТЬ
[00:03:29] [Async Chat Thread - #71/INFO]: [Not Secure] <B1ade13> ЭНДРМЕН ГАНДОН СУКА
[00:03:33] [Async Chat Thread - #72/INFO]: [Not Secure] <B1ade13> СПИЗДИЛ БЛОКИ У РАТТЕ
[00:05:16] [Async Chat Thread - #74/INFO]: [Not Secure] <B1ade13> блять
[00:05:21] [Async Chat Thread - #73/INFO]: [Not Secure] <B1ade13> ратте наехал на мину
[00:05:24] [Async Chat Thread - #73/INFO]: [Not Secure] <B1ade13> ввиде купера
[00:05:29] [Async Chat Thread - #74/INFO]: [Not Secure] <B1ade13> крипера
[00:05:37] [Async Chat Thread - #73/INFO]: [Not Secure] <B1ade13> я починил уже
[00:06:07] [Async Chat Thread - #74/INFO]: [Not Secure] <MTF11> Ой
[00:06:10] [Async Chat Thread - #74/INFO]: [Not Secure] <MTF11> Страшилище
[00:06:49] [Async Chat Thread - #73/INFO]: [Not Secure] <B1ade13> эта май снег
[00:06:53] [Async Chat Thread - #73/INFO]: [Not Secure] <B1ade13> ссьебись в страхе
[00:07:07] [Async Chat Thread - #74/INFO]: [Not Secure] <B1ade13> руслескс сьебался в страхе
[00:07:22] [Async Chat Thread - #73/INFO]: [Not Secure] <BroTitan13> Имба
[00:07:59] [Async Chat Thread - #73/INFO]: [Not Secure] <BroTitan13> Купер сосал?
[00:08:02] [Async Chat Thread - #73/INFO]: [Not Secure] <B1ade13> да
[00:08:10] [Async Chat Thread - #73/INFO]: [Not Secure] <Datsun_100_A> пизда трагедия
[00:08:33] [Async Chat Thread - #73/INFO]: [Not Secure] <B1ade13> нацизм
[00:09:01] [Async Chat Thread - #74/INFO]: [Not Secure] <B1ade13> ЭЬТО ДОРА ЕБЛАН
[00:09:07] [Async Chat Thread - #74/INFO]: [Not Secure] <Datsun_100_A> дура?
[00:09:08] [Async Chat Thread - #74/INFO]: [Not Secure] <D3ltA_O5> (
[00:09:15] [Async Chat Thread - #74/INFO]: [Not Secure] <B1ade13> ТЫ ДУРА БЛЯТЬ
[00:09:23] [Async Chat Thread - #74/INFO]: [Not Secure] <Datsun_100_A> люблю тебя
[00:09:30] [Async Chat Thread - #73/INFO]: [Not Secure] <B1ade13> ЭХ
[00:09:35] [Async Chat Thread - #73/INFO]: [Not Secure] <B1ade13> ЕЛИ МЯСО МУЖИКИ
[00:09:38] [Server thread/INFO]: D3ltA_O5 lost connection: Timed out
[00:09:38] [Server thread/INFO]: D3ltA_O5 left the game
[00:09:41] [Async Chat Thread - #74/INFO]: [Not Secure] <B1ade13> РОТ ТВОЙ ЕБАЛИ
[00:09:45] [Async Chat Thread - #74/INFO]: [Not Secure] <Risten_> паххахаххаха
[00:10:00] [User Authenticator #17/INFO]: UUID of player D3ltA_O5 is 59717844-61c0-34e7-8fe6-0b9b572ad884
[00:10:00] [Server thread/INFO]: D3ltA_O5[/134.19.249.47:59485] logged in with entity id 140802 at ([world]65.56590406417855, 67.0, 372.7354820549151)
[00:10:00] [Server thread/INFO]: D3ltA_O5 joined the game
[00:10:00] [Craft Scheduler Thread - 7736 - Essentials/WARN]: [Essentials] Plugin Essentials v2.20.1 generated an exception while executing task 1003
java.lang.NullPointerException: Cannot invoke "java.util.Collection.toArray()" because "c" is null
	at java.util.ArrayList.addAll(ArrayList.java:753) ~[?:?]
	at com.earth2me.essentials.perm.PermissionsHandler.getGroups(PermissionsHandler.java:54) ~[EssentialsX-2.20.1.jar:?]
	at net.essentialsx.discordlink.rolesync.RoleSyncManager.sync(RoleSyncManager.java:62) ~[EssentialsXDiscordLink-2.20.1 (1).jar:?]
	at net.essentialsx.discordlink.rolesync.RoleSyncManager.sync(RoleSyncManager.java:56) ~[EssentialsXDiscordLink-2.20.1 (1).jar:?]
	at net.essentialsx.discordlink.rolesync.RoleSyncManager.lambda$onJoin$1(RoleSyncManager.java:129) ~[EssentialsXDiscordLink-2.20.1 (1).jar:?]
	at org.bukkit.craftbukkit.v1_20_R1.scheduler.CraftTask.run(CraftTask.java:101) ~[paper-1.20.1.jar:git-Paper-196]
	at org.bukkit.craftbukkit.v1_20_R1.scheduler.CraftAsyncTask.run(CraftAsyncTask.java:57) ~[paper-1.20.1.jar:git-Paper-196]
	at com.destroystokyo.paper.ServerSchedulerReportingWrapper.run(ServerSchedulerReportingWrapper.java:22) ~[paper-1.20.1.jar:?]
	at java.util.concurrent.ThreadPoolExecutor.runWorker(ThreadPoolExecutor.java:1144) ~[?:?]
	at java.util.concurrent.ThreadPoolExecutor$Worker.run(ThreadPoolExecutor.java:642) ~[?:?]
	at java.lang.Thread.run(Thread.java:1575) ~[?:?]
[00:10:28] [User Authenticator #17/INFO]: UUID of player D3ltA_O5 is 59717844-61c0-34e7-8fe6-0b9b572ad884
[00:10:28] [Server thread/INFO]: D3ltA_O5 lost connection: You logged in from another location
[00:10:28] [Server thread/INFO]: D3ltA_O5 left the game
[00:10:28] [Paper Async Command Builder Thread Pool - 37/INFO]: [Essentials] Essentials updated the underlying Player object for 59717844-61c0-34e7-8fe6-0b9b572ad884
[00:10:28] [Server thread/INFO]: D3ltA_O5[/134.19.249.47:59517] logged in with entity id 141040 at ([world]65.56590406417855, 67.0, 372.7354820549151)
[00:10:28] [Craft Scheduler Thread - 7737 - Essentials/WARN]: [Essentials] Plugin Essentials v2.20.1 generated an exception while executing task 1009
java.lang.NullPointerException: Cannot invoke "java.util.Collection.toArray()" because "c" is null
	at java.util.ArrayList.addAll(ArrayList.java:753) ~[?:?]
	at com.earth2me.essentials.perm.PermissionsHandler.getGroups(PermissionsHandler.java:54) ~[EssentialsX-2.20.1.jar:?]
	at net.essentialsx.discordlink.rolesync.RoleSyncManager.sync(RoleSyncManager.java:62) ~[EssentialsXDiscordLink-2.20.1 (1).jar:?]
	at net.essentialsx.discordlink.rolesync.RoleSyncManager.sync(RoleSyncManager.java:56) ~[EssentialsXDiscordLink-2.20.1 (1).jar:?]
	at net.essentialsx.discordlink.rolesync.RoleSyncManager.lambda$onJoin$1(RoleSyncManager.java:129) ~[EssentialsXDiscordLink-2.20.1 (1).jar:?]
	at org.bukkit.craftbukkit.v1_20_R1.scheduler.CraftTask.run(CraftTask.java:101) ~[paper-1.20.1.jar:git-Paper-196]
	at org.bukkit.craftbukkit.v1_20_R1.scheduler.CraftAsyncTask.run(CraftAsyncTask.java:57) ~[paper-1.20.1.jar:git-Paper-196]
	at com.destroystokyo.paper.ServerSchedulerReportingWrapper.run(ServerSchedulerReportingWrapper.java:22) ~[paper-1.20.1.jar:?]
	at java.util.concurrent.ThreadPoolExecutor.runWorker(ThreadPoolExecutor.java:1144) ~[?:?]
	at java.util.concurrent.ThreadPoolExecutor$Worker.run(ThreadPoolExecutor.java:642) ~[?:?]
	at java.lang.Thread.run(Thread.java:1575) ~[?:?]
[00:10:28] [Server thread/INFO]: D3ltA_O5 joined the game
[00:10:44] [Server thread/INFO]: Datsun_100_A has made the advancement [Diamonds!]
[00:10:58] [Server thread/INFO]: D3ltA_O5 lost connection: Timed out
[00:10:58] [Server thread/INFO]: D3ltA_O5 left the game
[00:11:01] [Async Chat Thread - #75/INFO]: [Not Secure] <B1ade13> ПОСЛЕДНИЙ ХУЙ БЕЗ СОЛИ ДОЕДАЮ
[00:11:39] [Async Chat Thread - #76/INFO]: [Not Secure] <Risten_> Газ, если еды нет, то подойди к штаб-квартире САДа
[00:11:56] [Async Chat Thread - #75/INFO]: [Not Secure] <B1ade13> ммммм нямка
[00:12:24] [Async Chat Thread - #76/INFO]: [Not Secure] <B1ade13> всмысле только блять
[00:12:32] [Async Chat Thread - #75/INFO]: [Not Secure] <B1ade13> это блять ебать нихуя себе
[00:12:39] [Async Chat Thread - #76/INFO]: [Not Secure] <B1ade13> целая дора
[00:12:44] [Async Chat Thread - #76/INFO]: [Not Secure] <B1ade13> и великая китайская стена
[00:14:55] [Async Chat Thread - #77/INFO]: [Not Secure] <B1ade13> дай камень
[00:14:56] [Async Chat Thread - #78/INFO]: [Not Secure] <B1ade13> обычный
[00:15:04] [Async Chat Thread - #79/INFO]: [Not Secure] <B1ade13> папизди блять
[00:16:44] [User Authenticator #18/INFO]: UUID of player D3ltA_O5 is 59717844-61c0-34e7-8fe6-0b9b572ad884
[00:16:44] [Server thread/INFO]: D3ltA_O5[/134.19.249.47:38123] logged in with entity id 142992 at ([world]65.56590406417855, 67.0, 372.7354820549151)
[00:16:44] [Craft Scheduler Thread - 7775 - Essentials/WARN]: [Essentials] Plugin Essentials v2.20.1 generated an exception while executing task 1035
java.lang.NullPointerException: Cannot invoke "java.util.Collection.toArray()" because "c" is null
	at java.util.ArrayList.addAll(ArrayList.java:753) ~[?:?]
	at com.earth2me.essentials.perm.PermissionsHandler.getGroups(PermissionsHandler.java:54) ~[EssentialsX-2.20.1.jar:?]
	at net.essentialsx.discordlink.rolesync.RoleSyncManager.sync(RoleSyncManager.java:62) ~[EssentialsXDiscordLink-2.20.1 (1).jar:?]
	at net.essentialsx.discordlink.rolesync.RoleSyncManager.sync(RoleSyncManager.java:56) ~[EssentialsXDiscordLink-2.20.1 (1).jar:?]
	at net.essentialsx.discordlink.rolesync.RoleSyncManager.lambda$onJoin$1(RoleSyncManager.java:129) ~[EssentialsXDiscordLink-2.20.1 (1).jar:?]
	at org.bukkit.craftbukkit.v1_20_R1.scheduler.CraftTask.run(CraftTask.java:101) ~[paper-1.20.1.jar:git-Paper-196]
	at org.bukkit.craftbukkit.v1_20_R1.scheduler.CraftAsyncTask.run(CraftAsyncTask.java:57) ~[paper-1.20.1.jar:git-Paper-196]
	at com.destroystokyo.paper.ServerSchedulerReportingWrapper.run(ServerSchedulerReportingWrapper.java:22) ~[paper-1.20.1.jar:?]
	at java.util.concurrent.ThreadPoolExecutor.runWorker(ThreadPoolExecutor.java:1144) ~[?:?]
	at java.util.concurrent.ThreadPoolExecutor$Worker.run(ThreadPoolExecutor.java:642) ~[?:?]
	at java.lang.Thread.run(Thread.java:1575) ~[?:?]
[00:16:44] [Server thread/INFO]: D3ltA_O5 joined the game
[00:17:27] [Async Chat Thread - #80/INFO]: [Not Secure] <B1ade13> мтф
[00:17:28] [Async Chat Thread - #81/INFO]: [Not Secure] <B1ade13> чекай
[00:17:35] [Async Chat Thread - #81/INFO]: [Not Secure] <B1ade13> почти
[00:18:34] [Async Chat Thread - #80/INFO]: [Not Secure] <B1ade13> 4
[00:18:40] [Async Chat Thread - #80/INFO]: [Not Secure] <B1ade13> там два ряда
[00:18:42] [Async Chat Thread - #81/INFO]: [Not Secure] <Risten_> 3
[00:18:43] [Async Chat Thread - #80/INFO]: [Not Secure] <B1ade13> посмотри
[00:19:17] [Async Chat Thread - #81/INFO]: [Not Secure] <B1ade13> да
[00:19:24] [Async Chat Thread - #80/INFO]: [Not Secure] <Risten_> 48?
[00:19:32] [Async Chat Thread - #81/INFO]: [Not Secure] <B1ade13> я все по чертежам делаю
[00:19:36] [Async Chat Thread - #80/INFO]: [Not Secure] <B1ade13> не еби мозги
[00:19:50] [Async Chat Thread - #81/INFO]: [Not Secure] <B1ade13> а
[00:19:52] [Async Chat Thread - #81/INFO]: [Not Secure] <B1ade13> не услышал
[00:20:00] [Async Chat Thread - #81/INFO]: [Not Secure] <B1ade13> там всего две гусли
[00:20:07] [Async Chat Thread - #81/INFO]: [Not Secure] <B1ade13> но по катки в 2 ряда
[00:20:09] [Async Chat Thread - #81/INFO]: [Not Secure] <B1ade13> да
[00:20:52] [Async Chat Thread - #80/INFO]: [Not Secure] <B1ade13> там был сделан только корпус
[00:20:56] [Async Chat Thread - #81/INFO]: [Not Secure] <B1ade13> у е 100
[00:22:16] [Async Chat Thread - #82/INFO]: [Not Secure] <B1ade13> ммммм хуита
[00:22:18] [Async Chat Thread - #83/INFO]: [Not Secure] <B1ade13> блять
[00:22:25] [Async Chat Thread - #83/INFO]: [Not Secure] <B1ade13> надо переделывать
[00:22:53] [Async Chat Thread - #82/INFO]: [Not Secure] <B1ade13> да каким хуем башню больше я сделаю?
[00:23:02] [Async Chat Thread - #82/INFO]: [Not Secure] <B1ade13> ты ебень ангар маленький сделал
[00:23:11] [Async Chat Thread - #83/INFO]: [Not Secure] <B1ade13> если башню расширить уродство будет
[00:23:29] [Async Chat Thread - #83/INFO]: [Not Secure] <B1ade13> похуй он и так прекрасен
[00:23:42] [Async Chat Thread - #82/INFO]: [Not Secure] <B1ade13> ок
[00:23:49] [Async Chat Thread - #83/INFO]: [Not Secure] <B1ade13> теперь на повестке дня
[00:23:53] [Async Chat Thread - #83/INFO]: [Not Secure] <B1ade13> БИСМАРК
[00:24:58] [Async Chat Thread - #84/INFO]: [Not Secure] <D3ltA_O5> ((
[00:26:14] [Server thread/WARN]: Boat (vehicle of MTF11) moved wrongly! 0.5494483871053149
[00:26:14] [Server thread/WARN]: Boat (vehicle of BroTitan13) moved wrongly! 0.6328748078511239
[00:26:14] [Server thread/WARN]: Boat (vehicle of BroTitan13) moved wrongly! 0.6492006214384105
[00:26:14] [Server thread/WARN]: Boat (vehicle of MTF11) moved wrongly! 0.3263764356606771
[00:26:14] [Server thread/WARN]: Boat (vehicle of MTF11) moved wrongly! 0.659947675282865
[00:26:14] [Server thread/WARN]: Boat (vehicle of BroTitan13) moved wrongly! 0.6656327121162917
[00:26:14] [Server thread/WARN]: Boat (vehicle of BroTitan13) moved wrongly! 0.6817012422854418
[00:26:14] [Server thread/WARN]: Boat (vehicle of BroTitan13) moved wrongly! 0.6969563565018575
[00:26:14] [Server thread/WARN]: Boat (vehicle of BroTitan13) moved wrongly! 0.7109335836692594
[00:26:14] [Server thread/WARN]: Boat (vehicle of MTF11) moved wrongly! 0.3196114935412311
[00:26:14] [Server thread/WARN]: Boat (vehicle of BroTitan13) moved wrongly! 0.7231391592728755
[00:26:15] [Server thread/WARN]: Boat (vehicle of BroTitan13) moved wrongly! 0.7076916903301935
[00:26:15] [Server thread/WARN]: Boat (vehicle of BroTitan13) moved wrongly! 0.6925531704717969
[00:26:15] [Server thread/WARN]: Boat (vehicle of BroTitan13) moved wrongly! 0.6777174207217627
[00:26:15] [Server thread/WARN]: Boat (vehicle of BroTitan13) moved wrongly! 0.7109635248398263
[00:26:15] [Server thread/WARN]: Boat (vehicle of BroTitan13) moved wrongly! 0.665630982953644
[00:26:15] [Server thread/WARN]: Boat (vehicle of BroTitan13) moved wrongly! 0.6516676931596521
[00:26:15] [Server thread/WARN]: Boat (vehicle of BroTitan13) moved wrongly! 0.4714560522781426
[00:26:15] [Server thread/WARN]: Boat (vehicle of BroTitan13) moved wrongly! 0.36583480043864114
[00:26:22] [Server thread/WARN]: Boat (vehicle of MTF11) moved wrongly! 0.44759354681208663
[00:26:22] [Server thread/WARN]: Boat (vehicle of MTF11) moved wrongly! 0.5590552515915874
[00:26:22] [Server thread/WARN]: Boat (vehicle of MTF11) moved wrongly! 1.1464839112174445
[00:27:02] [Async Chat Thread - #86/INFO]: [Not Secure] <D3ltA_O5> еей
[00:27:05] [Async Chat Thread - #86/INFO]: [Not Secure] <D3ltA_O5> ай
[00:27:12] [Server thread/INFO]: Datsun_100_A has made the advancement [Stone Age]
[00:27:17] [Async Chat Thread - #86/INFO]: [Not Secure] <D3ltA_O5> приехали
[00:27:20] [Server thread/WARN]: Boat (vehicle of MTF11) moved wrongly! 0.3484729042996264
[00:27:42] [Server thread/WARN]: Boat (vehicle of MTF11) moved wrongly! 1.3043959256476398
[00:27:42] [Server thread/WARN]: Boat (vehicle of Risten_) moved wrongly! 0.3442120854759452
[00:27:42] [Server thread/WARN]: Boat (vehicle of MTF11) moved wrongly! 0.5979761714655041
[00:27:42] [Server thread/WARN]: Boat (vehicle of Risten_) moved wrongly! 0.7868393934461722
[00:27:42] [Server thread/WARN]: Boat (vehicle of MTF11) moved wrongly! 1.268863518798895
[00:27:42] [Server thread/WARN]: Boat (vehicle of Risten_) moved wrongly! 0.38093742032199884
[00:27:42] [Server thread/WARN]: Boat (vehicle of MTF11) moved wrongly! 0.5809053822355708
[00:27:42] [Server thread/WARN]: Boat (vehicle of MTF11) moved wrongly! 1.235112678727745
[00:27:42] [Server thread/WARN]: Boat (vehicle of Risten_) moved wrongly! 0.40332262659249807
[00:27:42] [Server thread/WARN]: Boat (vehicle of Risten_) moved wrongly! 0.42773950729856836
[00:27:42] [Server thread/WARN]: Boat (vehicle of MTF11) moved wrongly! 0.5645107952887827
[00:27:42] [Server thread/WARN]: Boat (vehicle of Risten_) moved wrongly! 0.4537033594855018
[00:27:42] [Server thread/WARN]: Boat (vehicle of MTF11) moved wrongly! 1.2025033597890769
[00:27:42] [Server thread/WARN]: Boat (vehicle of Risten_) moved wrongly! 0.48050377687978596
[00:27:42] [Server thread/WARN]: Boat (vehicle of MTF11) moved wrongly! 0.5485478686005365
[00:27:42] [Server thread/WARN]: Boat (vehicle of Risten_) moved wrongly! 0.5076292463116516
[00:27:42] [Server thread/WARN]: Boat (vehicle of MTF11) moved wrongly! 0.5407436840771567
[00:27:42] [Server thread/WARN]: Boat (vehicle of Risten_) moved wrongly! 0.5347238382418595
[00:27:42] [Server thread/WARN]: Boat (vehicle of MTF11) moved wrongly! 0.5330380986064682
[00:27:42] [Server thread/WARN]: Boat (vehicle of Risten_) moved wrongly! 0.5615483583821685
[00:27:42] [Server thread/WARN]: Boat (vehicle of MTF11) moved wrongly! 1.1400468552548944
[00:27:42] [Server thread/WARN]: Boat (vehicle of Risten_) moved wrongly! 0.5879385249154154
[00:27:42] [Server thread/WARN]: Boat (vehicle of MTF11) moved wrongly! 0.5180189024635666
[00:27:43] [Server thread/WARN]: Boat (vehicle of Risten_) moved wrongly! 0.6137635351355186
[00:27:43] [Server thread/WARN]: Boat (vehicle of MTF11) moved wrongly! 1.096633545407883
[00:27:43] [Server thread/WARN]: Boat (vehicle of Risten_) moved wrongly! 0.6388869471447407
[00:27:43] [Server thread/WARN]: Boat (vehicle of Risten_) moved wrongly! 0.6679758076022324
[00:27:43] [Server thread/WARN]: Boat (vehicle of Risten_) moved wrongly! 0.7008682896405531
[00:27:43] [Server thread/WARN]: Boat (vehicle of Risten_) moved wrongly! 0.69897614918888
[00:27:43] [Server thread/WARN]: Boat (vehicle of Risten_) moved wrongly! 0.7227208610364926
[00:27:43] [Server thread/WARN]: Boat (vehicle of Risten_) moved wrongly! 0.7079579429784815
[00:27:43] [Server thread/WARN]: Boat (vehicle of Risten_) moved wrongly! 0.6934902830000453
[00:27:43] [Server thread/WARN]: Boat (vehicle of Risten_) moved wrongly! 0.6793119759452253
[00:27:43] [Server thread/WARN]: Boat (vehicle of Risten_) moved wrongly! 0.6654172347610796
[00:27:43] [Server thread/WARN]: Boat (vehicle of Risten_) moved wrongly! 0.5388075934586141
[00:28:01] [Async Chat Thread - #87/INFO]: [Not Secure] <B1ade13> ДАЛБОЕБ БЛЯТЬ
[00:28:06] [Async Chat Thread - #86/INFO]: [Not Secure] <B1ade13> ТЫ ГДЕ ТАМ ШЛЯЕШЬСЯ
[00:28:12] [Async Chat Thread - #86/INFO]: [Not Secure] <B1ade13> ГДЕ МОЙ КАМЕНЬ СУКА
[00:28:14] [Server thread/WARN]: Boat (vehicle of MTF11) moved wrongly! 0.4932592140812062
[00:28:14] [Server thread/WARN]: Boat (vehicle of MTF11) moved wrongly! 0.3925841730765569
[00:28:14] [Server thread/WARN]: Boat (vehicle of MTF11) moved wrongly! 0.9206734888048231
[00:28:14] [Server thread/WARN]: Boat (vehicle of MTF11) moved wrongly! 0.4336808707572004
[00:28:14] [Server thread/WARN]: Boat (vehicle of BroTitan13) moved wrongly! 0.2592597592137338
[00:28:14] [Server thread/WARN]: Boat (vehicle of BroTitan13) moved wrongly! 0.2845177007666706
[00:28:14] [Server thread/WARN]: Boat (vehicle of MTF11) moved wrongly! 0.49491606934712706
[00:28:14] [Server thread/WARN]: Boat (vehicle of BroTitan13) moved wrongly! 0.3087591729756838
[00:28:14] [Server thread/WARN]: Boat (vehicle of BroTitan13) moved wrongly! 0.3320021750391646
[00:28:14] [Server thread/WARN]: Boat (vehicle of MTF11) moved wrongly! 0.41134485975588575
[00:28:14] [Server thread/WARN]: Boat (vehicle of BroTitan13) moved wrongly! 0.35426523279102184
[00:28:14] [Server thread/WARN]: Boat (vehicle of BroTitan13) moved wrongly! 0.38898516949851114
[00:28:14] [Server thread/WARN]: Boat (vehicle of BroTitan13) moved wrongly! 0.4093458384542146
[00:28:14] [Server thread/WARN]: Boat (vehicle of BroTitan13) moved wrongly! 0.4287849156479524
[00:28:14] [Server thread/WARN]: Boat (vehicle of BroTitan13) moved wrongly! 0.4473198587339908
[00:28:15] [Server thread/WARN]: Boat (vehicle of BroTitan13) moved wrongly! 0.46497401980036557
[00:28:15] [Server thread/WARN]: Boat (vehicle of BroTitan13) moved wrongly! 0.48176539258763285
[00:28:15] [Server thread/WARN]: Boat (vehicle of BroTitan13) moved wrongly! 0.49771215671691493
[00:28:15] [Server thread/WARN]: Boat (vehicle of BroTitan13) moved wrongly! 0.4873119413459648
[00:28:15] [Server thread/WARN]: Boat (vehicle of BroTitan13) moved wrongly! 0.4771197300840555
[00:28:15] [Server thread/WARN]: Boat (vehicle of BroTitan13) moved wrongly! 0.46713136285299584
[00:28:15] [Server thread/WARN]: Boat (vehicle of BroTitan13) moved wrongly! 0.4573427627760367
[00:28:15] [Server thread/WARN]: Boat (vehicle of BroTitan13) moved wrongly! 0.447749934513908
[00:28:15] [Server thread/WARN]: Boat (vehicle of BroTitan13) moved wrongly! 0.4383489626340662
[00:28:15] [Server thread/WARN]: Boat (vehicle of BroTitan13) moved wrongly! 0.429136010012499
[00:28:15] [Server thread/WARN]: Boat (vehicle of BroTitan13) moved wrongly! 0.38115574830965215
[00:28:23] [Async Chat Thread - #86/INFO]: [Not Secure] <B1ade13> МНЕ ИЗ ЧЕГО ВУНДЕРВАФФЕ ДЕЛАТЬ
[00:28:26] [Async Chat Thread - #87/INFO]: [Not Secure] <B1ade13> КОНЧЕНЫЙ
[00:28:31] [Async Chat Thread - #86/INFO]: [Not Secure] <B1ade13> ВОТ ПОЭТОМУ ГИТЛЕР ПРОИГРАЛ
[00:28:33] [Server thread/WARN]: Boat (vehicle of Risten_) moved wrongly! 0.51974215462252
[00:28:33] [Server thread/WARN]: Boat (vehicle of BroTitan13) moved wrongly! 0.36283300090451576
[00:28:33] [Server thread/WARN]: Boat (vehicle of Risten_) moved wrongly! 0.49191445324595406
[00:28:33] [Server thread/WARN]: Boat (vehicle of BroTitan13) moved wrongly! 0.35657102318447187
[00:28:33] [Server thread/WARN]: Boat (vehicle of Risten_) moved wrongly! 0.456945901935228
[00:28:33] [Server thread/WARN]: Boat (vehicle of BroTitan13) moved wrongly! 0.3262389076498948
[00:28:33] [Server thread/WARN]: Boat (vehicle of Risten_) moved wrongly! 0.41596815674699883
[00:28:33] [Server thread/WARN]: Boat (vehicle of Risten_) moved wrongly! 0.37074367145788756
[00:28:33] [Server thread/WARN]: Boat (vehicle of Risten_) moved wrongly! 0.32365254704291146
[00:28:33] [Server thread/WARN]: Boat (vehicle of Risten_) moved wrongly! 0.2774967622129907
[00:28:36] [Async Chat Thread - #86/INFO]: [Not Secure] <B1ade13> ИЗЗА ТАКИХ КАК ТЫ
[00:29:20] [Async Chat Thread - #87/INFO]: [Not Secure] <B1ade13> камень
[00:29:21] [Async Chat Thread - #87/INFO]: [Not Secure] <B1ade13> дай
[00:29:24] [Async Chat Thread - #87/INFO]: [Not Secure] <B1ade13> гладктй
[00:29:30] [Async Chat Thread - #87/INFO]: [Not Secure] <B1ade13> ТАМ РАТТЕ НЕДОСТРОЕННЫЙ
[00:30:09] [Server thread/WARN]: Boat (vehicle of BroTitan13) moved wrongly! 1.1032650284908634
[00:30:09] [Server thread/WARN]: Boat (vehicle of BroTitan13) moved wrongly! 1.1340777455597362
[00:30:09] [Server thread/WARN]: Boat (vehicle of BroTitan13) moved wrongly! 1.1626266042455402
[00:30:09] [Server thread/WARN]: Boat (vehicle of BroTitan13) moved wrongly! 1.1900672583465077
[00:30:09] [Server thread/WARN]: Boat (vehicle of BroTitan13) moved wrongly! 1.216958275905906
[00:30:09] [Server thread/WARN]: Boat (vehicle of BroTitan13) moved wrongly! 0.6938789488819452
[00:30:17] [Async Chat Thread - #86/INFO]: [Not Secure] <B1ade13> БЛЯТЬ
[00:30:22] [Async Chat Thread - #86/INFO]: [Not Secure] <B1ade13> ДИВЕРСИЯ СУКА
[00:30:29] [Async Chat Thread - #86/INFO]: [Not Secure] <B1ade13> КУПЕР ДИВЕРСИЮ УСТРОИЛ
[00:30:33] [Async Chat Thread - #86/INFO]: [Not Secure] <B1ade13> РАТТЕ ПОДОРВАЛ
[00:30:45] [Async Chat Thread - #86/INFO]: [Not Secure] <D3ltA_O5> эу
[00:31:07] [Async Chat Thread - #86/INFO]: [Not Secure] <Risten_> cвои вещи заберешь там где умер
[00:31:13] [Server thread/INFO]: BroTitan13 lost connection: Disconnected
[00:31:13] [Server thread/INFO]: BroTitan13 left the game
[00:31:17] [Async Chat Thread - #87/INFO]: [Not Secure] <D3ltA_O5> тут это войну нам
[00:31:54] [Async Chat Thread - #86/INFO]: [Not Secure] <MTF11> Они там валяются?
[00:31:59] [Async Chat Thread - #86/INFO]: [Not Secure] <Risten_> нет
[00:32:12] [Async Chat Thread - #87/INFO]: [Not Secure] <MTF11> Ну давай я заберу
[00:33:03] [Async Chat Thread - #86/INFO]: [Not Secure] <B1ade13> РАТТЕ ПРЕКРАСЕН
[00:33:30] [Async Chat Thread - #87/INFO]: [Not Secure] <B1ade13> Кому
[00:33:30] [Async Chat Thread - #87/INFO]: [Not Secure] <Risten_> бротитана
[00:33:34] [Async Chat Thread - #86/INFO]: [Not Secure] <B1ade13> окей
[00:33:49] [User Authenticator #19/INFO]: UUID of player BroTitan13 is 03432658-7c87-3b9f-8655-3195485c1edc
[00:33:49] [Server thread/INFO]: BroTitan13[/109.252.83.127:2000] logged in with entity id 151380 at ([world]1.2146412526307029, 116.5, 442.23867387499854)
[00:33:49] [Server thread/INFO]: BroTitan13 joined the game
[00:34:39] [Async Chat Thread - #88/INFO]: [Not Secure] <B1ade13> тудо школоту
[00:35:01] [Async Chat Thread - #89/INFO]: [Not Secure] <B1ade13> у него
[00:35:56] [Async Chat Thread - #88/INFO]: [Not Secure] <B1ade13> начнем
[00:36:06] [Server thread/INFO]: Datsun_100_A has made the advancement [Monster Hunter]
[00:36:07] [Async Chat Thread - #89/INFO]: [Not Secure] <B1ade13> дп
[00:36:19] [Async Chat Thread - #88/INFO]: [Not Secure] <B1ade13> пиздуй в ад
[00:36:24] [Async Chat Thread - #89/INFO]: [Not Secure] <B1ade13> разворовывай крепость
[00:36:28] [Async Chat Thread - #89/INFO]: [Not Secure] <B1ade13> на 50 стаков
[00:36:33] [Async Chat Thread - #88/INFO]: [Not Secure] <B1ade13> мтф
[00:36:41] [Async Chat Thread - #88/INFO]: [Not Secure] <B1ade13> на бисмарк
[00:36:50] [Async Chat Thread - #88/INFO]: [Not Secure] <B1ade13> нет
[00:36:54] [Async Chat Thread - #89/INFO]: [Not Secure] <B1ade13> там днище красное
[00:36:57] [Async Chat Thread - #89/INFO]: [Not Secure] <B1ade13> еблан
[00:37:21] [Async Chat Thread - #89/INFO]: [Not Secure] <B1ade13> создай 50 стаков редстоуновых блоков
[00:37:49] [Async Chat Thread - #88/INFO]: [Not Secure] <B1ade13> крч найдите мне 50 стаков красных блоков
[00:37:53] [Server thread/INFO]: Datsun_100_A has made the advancement [Cover Me with Diamonds]
[00:39:10] [Async Chat Thread - #90/INFO]: [Not Secure] <B1ade13> дельта
[00:39:11] [Async Chat Thread - #90/INFO]: [Not Secure] <B1ade13> смотри
[00:39:16] [Async Chat Thread - #91/INFO]: [Not Secure] <B1ade13> я танчик построил
[00:39:33] [Async Chat Thread - #90/INFO]: [Not Secure] <B1ade13> эх те самые горы афганистана......
[00:39:52] [Async Chat Thread - #91/INFO]: [Not Secure] <B1ade13> пиздец
[00:39:54] [Async Chat Thread - #90/INFO]: [Not Secure] <B1ade13> прошла
[00:39:57] [Async Chat Thread - #91/INFO]: [Not Secure] <B1ade13> и танчик не оценила
[00:40:34] [Async Chat Thread - #90/INFO]: [Not Secure] <B1ade13> спс
[00:40:57] [Async Chat Thread - #90/INFO]: [Not Secure] <B1ade13> спс
[00:41:23] [Server thread/INFO]: MTF11 has made the advancement [Crafting a New Look]
[00:41:37] [Async Chat Thread - #90/INFO]: [Not Secure] <BroTitan13> кстати Газ Ашоту отменили обзвон
[00:41:42] [Async Chat Thread - #90/INFO]: [Not Secure] <B1ade13> пиздей
[00:41:45] [Async Chat Thread - #90/INFO]: [Not Secure] <B1ade13> почему
[00:41:48] [Async Chat Thread - #90/INFO]: [Not Secure] <Risten_> чего
[00:41:54] [Async Chat Thread - #91/INFO]: [Not Secure] <B1ade13> а меня взялм
[00:42:44] [Async Chat Thread - #90/INFO]: [Not Secure] <B1ade13> спасибо
[00:42:57] [Async Chat Thread - #91/INFO]: [Not Secure] <B1ade13> спасибо
[00:43:03] [Async Chat Thread - #90/INFO]: [Not Secure] <B1ade13> вот мтф, бери пример
[00:43:07] [Async Chat Thread - #90/INFO]: [Not Secure] <B1ade13> человек работает
[00:43:13] [Async Chat Thread - #91/INFO]: [Not Secure] <B1ade13> а ты бездельничаешь
[00:43:14] [Async Chat Thread - #91/INFO]: [Not Secure] <B1ade13> еблан
[00:44:39] [Async Chat Thread - #92/INFO]: [Not Secure] <B1ade13> а я данатела блять
[00:45:00] [Async Chat Thread - #93/INFO]: [Not Secure] <B1ade13> мне нужен обычный камень, мтф делать
[00:45:08] [Async Chat Thread - #93/INFO]: [Not Secure] <B1ade13> обычный
[00:45:11] [Async Chat Thread - #93/INFO]: [Not Secure] <B1ade13> из булыжника
[00:45:26] [Async Chat Thread - #92/INFO]: [Not Secure] <B1ade13> нужен камень блчять
[00:45:39] [Async Chat Thread - #92/INFO]: [Not Secure] <B1ade13> спс
[00:47:36] [Async Chat Thread - #94/INFO]: [Not Secure] <B1ade13> у
[00:47:51] [Async Chat Thread - #94/INFO]: [Not Secure] <B1ade13> так ты обсидиана мала дал
[00:47:57] [Async Chat Thread - #95/INFO]: [Not Secure] <B1ade13> дал бы 8 стаков
[00:47:59] [Async Chat Thread - #94/INFO]: [Not Secure] <B1ade13> был бы выше
[00:48:05] [Async Chat Thread - #94/INFO]: [Not Secure] <B1ade13> так там 8 надо
[00:48:08] [Async Chat Thread - #94/INFO]: [Not Secure] <B1ade13> ну уже нет
[00:48:12] [Async Chat Thread - #94/INFO]: [Not Secure] <B1ade13> похуй
[00:48:18] [Async Chat Thread - #95/INFO]: [Not Secure] <B1ade13> сам бы попробовал сделать
[00:48:22] [Async Chat Thread - #95/INFO]: [Not Secure] <B1ade13> заебал критиковать
[00:48:28] [Async Chat Thread - #94/INFO]: [Not Secure] <B1ade13> гандон
[00:49:35] [Async Chat Thread - #97/INFO]: [Not Secure] <B1ade13> камень дай
[00:49:35] [Async Chat Thread - #97/INFO]: [Not Secure] <B1ade13> мтф
[00:49:37] [Async Chat Thread - #96/INFO]: [Not Secure] <B1ade13> ты взял
[00:49:40] [Async Chat Thread - #96/INFO]: [Not Secure] <B1ade13> я видел
[00:49:59] [Async Chat Thread - #97/INFO]: [Not Secure] <B1ade13> все я пошел верфь строить
[00:50:14] [Server thread/INFO]: BroTitan13 issued server command: /tell Datsun_100_A Ты водишь прям как моя бабушка
[00:50:16] [Server thread/INFO]: [Essentials] BroTitan13 was denied access to command.
[00:50:44] [Server thread/WARN]: Can't keep up! Is the server overloaded? Running 5128ms or 102 ticks behind
[00:50:53] [Server thread/WARN]: B1ade13 moved too quickly! -18.711442324776897,1.0554624345250403,0.826605172582731
[00:51:40] [Async Chat Thread - #99/INFO]: [Not Secure] <BroTitan13> чего
[00:52:00] [Async Chat Thread - #98/INFO]: [Not Secure] <BroTitan13> видел
[00:52:14] [Async Chat Thread - #99/INFO]: [Not Secure] <BroTitan13> там премиум пропуск стоит 1100 cp
[00:52:23] [Async Chat Thread - #98/INFO]: [Not Secure] <B1ade13> мтф
[00:52:25] [Async Chat Thread - #98/INFO]: [Not Secure] <B1ade13> иди юда
[00:52:29] [Async Chat Thread - #98/INFO]: [Not Secure] <BroTitan13> 5000 тенге
[00:52:31] [Async Chat Thread - #99/INFO]: [Not Secure] <B1ade13> я у бирманской дороги
[00:52:38] [Async Chat Thread - #99/INFO]: [Not Secure] <B1ade13> помощь нужна твоя
[00:52:40] [Async Chat Thread - #99/INFO]: [Not Secure] <B1ade13> срочно
[00:52:58] [Async Chat Thread - #98/INFO]: [Not Secure] <B1ade13> нет иди нахуй
[00:53:15] [Async Chat Thread - #98/INFO]: [Not Secure] <BroTitan13> да
[00:53:19] [Async Chat Thread - #99/INFO]: [Not Secure] <BroTitan13> а где дорога
[00:54:22] [Async Chat Thread - #100/INFO]: [Not Secure] <B1ade13> во первых
[00:54:27] [Async Chat Thread - #100/INFO]: [Not Secure] <B1ade13> дай лопату пж
[00:54:33] [Async Chat Thread - #100/INFO]: [Not Secure] <B1ade13> сука
[00:54:36] [Async Chat Thread - #100/INFO]: [Not Secure] <B1ade13> тогла
[00:54:37] [Async Chat Thread - #100/INFO]: [Not Secure] <B1ade13> идем
[00:54:48] [Async Chat Thread - #101/INFO]: [Not Secure] <B1ade13> разьеби
[00:54:53] [Async Chat Thread - #101/INFO]: [Not Secure] <B1ade13> этот айсберг нахуй
[00:55:00] [Async Chat Thread - #101/INFO]: [Not Secure] <B1ade13> мне не лед нужен
[00:55:05] [Async Chat Thread - #101/INFO]: [Not Secure] <B1ade13> а ничтожить нахуй
[00:55:10] [Async Chat Thread - #100/INFO]: [Not Secure] <B1ade13> он мешает стройке
[00:55:14] [Async Chat Thread - #100/INFO]: [Not Secure] <B1ade13> сука разьеби
[00:55:24] [Async Chat Thread - #101/INFO]: [Not Secure] <B1ade13> иди за книгой
[00:55:33] [Async Chat Thread - #100/INFO]: [Not Secure] <BroTitan13> Титаник въеби в айсберг
[00:55:40] [Async Chat Thread - #100/INFO]: [Not Secure] <B1ade13> +
[00:55:51] [Async Chat Thread - #101/INFO]: [Not Secure] <B1ade13> тогда лопату принеси
[00:56:58] [Async Chat Thread - #102/INFO]: [Not Secure] <B1ade13> а
[00:57:13] [Async Chat Thread - #102/INFO]: [Not Secure] <B1ade13> не должен
[00:57:21] [Async Chat Thread - #102/INFO]: [Not Secure] <B1ade13> да
[00:58:04] [Async Chat Thread - #103/INFO]: [Not Secure] <BroTitan13> а может тунель в айберге сделать
[00:58:17] [Async Chat Thread - #102/INFO]: [Not Secure] <B1ade13> лопату принес
[00:58:26] [Async Chat Thread - #102/INFO]: [Not Secure] <B1ade13> сука
[00:58:31] [Async Chat Thread - #103/INFO]: [Not Secure] <B1ade13> не дал спиздить
[00:58:36] [Async Chat Thread - #102/INFO]: [Not Secure] <B1ade13> гони
[00:58:58] [Async Chat Thread - #102/INFO]: [Not Secure] <B1ade13> дай
[00:58:59] [Async Chat Thread - #102/INFO]: [Not Secure] <B1ade13> еды
[00:59:00] [Async Chat Thread - #102/INFO]: [Not Secure] <B1ade13> пж
[00:59:04] [Async Chat Thread - #102/INFO]: [Not Secure] <BroTitan13> нету
[00:59:11] [Async Chat Thread - #103/INFO]: [Not Secure] <B1ade13> погнали дамой
[00:59:15] [Async Chat Thread - #103/INFO]: [Not Secure] <B1ade13> мтф сиди дома
[00:59:24] [Async Chat Thread - #102/INFO]: [Not Secure] <B1ade13> спс такси
[01:00:06] [Async Chat Thread - #103/INFO]: [Not Secure] <MTF11> Кто сможет зайти завтра на сервер для фоток?
[01:00:11] [Async Chat Thread - #103/INFO]: [Not Secure] <Risten_> я
[01:00:24] [Async Chat Thread - #103/INFO]: [Not Secure] <B1ade13> мтф
[01:00:27] [Async Chat Thread - #103/INFO]: [Not Secure] <B1ade13> лапату дай
[01:00:32] [Async Chat Thread - #103/INFO]: [Not Secure] <B1ade13> на базе
[01:01:28] [Server thread/INFO]: Datsun_100_A lost connection: Disconnected
[01:01:28] [Server thread/INFO]: Datsun_100_A left the game
[01:01:59] [Async Chat Thread - #104/INFO]: [Not Secure] <BroTitan13> гфк
[01:02:05] [Async Chat Thread - #104/INFO]: [Not Secure] <B1ade13> пока
[01:02:17] [Async Chat Thread - #105/INFO]: [Not Secure] <BroTitan13> давай
[01:02:54] [Async Chat Thread - #104/INFO]: [Not Secure] <B1ade13> го
[01:03:07] [Async Chat Thread - #105/INFO]: [Not Secure] <BroTitan13> забей
[01:03:20] [Async Chat Thread - #105/INFO]: [Not Secure] <BroTitan13> ._.
[01:03:28] [Async Chat Thread - #104/INFO]: [Not Secure] <BroTitan13> ладно
[01:03:40] [Async Chat Thread - #105/INFO]: [Not Secure] <B1ade13> ты где щас
[01:03:46] [Async Chat Thread - #104/INFO]: [Not Secure] <B1ade13> пон
[01:04:01] [Async Chat Thread - #105/INFO]: [Not Secure] <BroTitan13> DOOOOOOM
[01:06:48] [Async Chat Thread - #106/INFO]: [Not Secure] <B1ade13> хпхапхпа
[01:07:43] [Async Chat Thread - #107/INFO]: [Not Secure] <BroTitan13> вопросы
[01:08:16] [Async Chat Thread - #106/INFO]: [Not Secure] <B1ade13> сука диверсия
[01:13:30] [Async Chat Thread - #108/INFO]: [Not Secure] <BroTitan13> на колени на колени
[01:13:35] [Async Chat Thread - #108/INFO]: [Not Secure] <Risten_> ПХАХАХАХАХЭХАХА
[01:15:27] [Async Chat Thread - #110/INFO]: [Not Secure] <Risten_> на колени на колени
[01:15:27] [Async Chat Thread - #110/INFO]: [Not Secure] <BroTitan13> все мой дом
[01:16:01] [Server thread/INFO]: MTF11 lost connection: Disconnected
[01:16:01] [Server thread/INFO]: MTF11 left the game
[01:16:42] [Async Chat Thread - #112/INFO]: [Not Secure] <Risten_> потом пизды дадут
[01:16:44] [Async Chat Thread - #112/INFO]: [Not Secure] <Risten_> ))
[01:16:46] [Async Chat Thread - #112/INFO]: [Not Secure] <BroTitan13> да
[01:16:53] [Server thread/INFO]: B1ade13 lost connection: Disconnected
[01:16:53] [Server thread/INFO]: B1ade13 left the game
[01:17:30] [Async Chat Thread - #113/INFO]: [Not Secure] <BroTitan13> уйди
[01:18:07] [Async Chat Thread - #113/INFO]: [Not Secure] <BroTitan13> если что морковь я посадил в твоей цитадели
[01:19:11] [Async Chat Thread - #114/INFO]: [Not Secure] <BroTitan13> сори
[01:29:06] [Async Chat Thread - #116/INFO]: [Not Secure] <BroTitan13> я короче пошел\
[01:29:13] [Async Chat Thread - #116/INFO]: [Not Secure] <BroTitan13> так что давайте
[01:29:24] [Server thread/INFO]: BroTitan13 lost connection: Disconnected
[01:29:24] [Server thread/INFO]: BroTitan13 left the game
[01:40:24] [Server thread/INFO]: Risten_ lost connection: Disconnected
[01:40:24] [Server thread/INFO]: Risten_ left the game
[01:51:41] [Async Chat Thread - #118/INFO]: [Not Secure] <oorafrt> бляьб
[01:51:43] [Async Chat Thread - #118/INFO]: [Not Secure] <D3ltA_O5> кавое хд
[01:51:46] [Async Chat Thread - #118/INFO]: [Not Secure] <oorafrt> ди нахуй
[01:51:56] [Async Chat Thread - #119/INFO]: [Not Secure] <D3ltA_O5> шжш? хдд
[01:51:57] [Async Chat Thread - #119/INFO]: [Not Secure] <oorafrt> ты же офк сидела
[01:52:01] [Async Chat Thread - #118/INFO]: [Not Secure] <D3ltA_O5> дап
[01:52:01] [Async Chat Thread - #119/INFO]: [Not Secure] <oorafrt> пидараска
[01:52:12] [Async Chat Thread - #118/INFO]: [Not Secure] <D3ltA_O5> я только вспомнила что у меня майн открыт еще хдд
[01:52:22] [Async Chat Thread - #118/INFO]: [Not Secure] <oorafrt> ЪуЪ
[01:52:26] [Async Chat Thread - #119/INFO]: [Not Secure] <D3ltA_O5> капэу
[01:52:43] [Async Chat Thread - #118/INFO]: [Not Secure] <oorafrt> это конечно не алмазы потому что я нуб
[01:52:49] [Async Chat Thread - #119/INFO]: [Not Secure] <D3ltA_O5> прикол в том что я даже не знаю что это за таблички :,3
[01:53:03] [Async Chat Thread - #119/INFO]: [Not Secure] <oorafrt> для рисунка на броне
[01:53:04] [Async Chat Thread - #119/INFO]: [Not Secure] <D3ltA_O5> b if,kjys
[01:53:09] [Async Chat Thread - #118/INFO]: [Not Secure] <D3ltA_O5> аввв
[01:53:09] [Async Chat Thread - #118/INFO]: [Not Secure] <oorafrt> шаблончики
[01:53:24] [Async Chat Thread - #119/INFO]: [Not Secure] <D3ltA_O5> Фигап, а у тебя для своей брони та еще осталось?
[01:53:31] [Async Chat Thread - #118/INFO]: [Not Secure] <D3ltA_O5> Откуда они у тебя? хд
[01:53:33] [Async Chat Thread - #118/INFO]: [Not Secure] <oorafrt> да
[01:53:40] [Async Chat Thread - #118/INFO]: [Not Secure] <oorafrt> устроила вчера раскопки
[01:53:51] [Async Chat Thread - #119/INFO]: [Not Secure] <oorafrt> тут оказывается есть археология
[01:53:55] [Async Chat Thread - #118/INFO]: [Not Secure] <D3ltA_O5> ОО, фига ты богатая на эстетичные приколы
[01:54:03] [Async Chat Thread - #119/INFO]: [Not Secure] <D3ltA_O5> я сама в шоке
[01:54:14] [Async Chat Thread - #118/INFO]: [Not Secure] <D3ltA_O5> я с 1.16 не играла в майн
[01:54:21] [Async Chat Thread - #118/INFO]: [Not Secure] <oorafrt> я сначала копала прикольную глину, там был гравий
[01:54:22] [Async Chat Thread - #118/INFO]: [Not Secure] <D3ltA_O5> Спасибо огромное штошшб
[01:54:32] [Async Chat Thread - #119/INFO]: [Not Secure] <oorafrt> слышу звуки от гравия бьюшиеся какие-то....
[01:54:38] [Async Chat Thread - #118/INFO]: [Not Secure] <oorafrt> как будто стекло бьют
[01:54:50] [Async Chat Thread - #119/INFO]: [Not Secure] <oorafrt> прогуглила а это оказывается гравий с лутом
[01:54:50] [Async Chat Thread - #119/INFO]: [Not Secure] <D3ltA_O5> агап
[01:55:06] [Async Chat Thread - #118/INFO]: [Not Secure] <D3ltA_O5> уффф, интересная фича выходит
[01:55:18] [Async Chat Thread - #118/INFO]: [Not Secure] <D3ltA_O5> Спасяба :D
[01:55:26] [Async Chat Thread - #119/INFO]: [Not Secure] <D3ltA_O5> тебе кста мб алмазка нужна?
[01:55:59] [Async Chat Thread - #118/INFO]: [Not Secure] <oorafrt> да пока что нет
[01:56:10] [Async Chat Thread - #119/INFO]: [Not Secure] <D3ltA_O5> Хе, ну ты говори ес что)
[01:56:15] [Async Chat Thread - #118/INFO]: [Not Secure] <oorafrt> да
[01:56:21] [Async Chat Thread - #119/INFO]: [Not Secure] <oorafrt> я просто пока строюсь
[01:56:24] [Async Chat Thread - #119/INFO]: [Not Secure] <D3ltA_O5> Ты кстати здесь единственная с фермой животных))
[01:56:32] [Async Chat Thread - #119/INFO]: [Not Secure] <D3ltA_O5> Понимаю, одобряю)
[01:56:47] [Async Chat Thread - #119/INFO]: [Not Secure] <oorafrt> тут просто нету в округе их толком и это пугает
[01:56:56] [Async Chat Thread - #118/INFO]: [Not Secure] <oorafrt> так что я привела с соседних биомов
[01:57:06] [Async Chat Thread - #118/INFO]: [Not Secure] <oorafrt> а вот кроликов хер заманишь
[01:57:10] [Async Chat Thread - #118/INFO]: [Not Secure] <oorafrt> а кур не нашла
[01:57:15] [Async Chat Thread - #118/INFO]: [Not Secure] <D3ltA_O5> Кстати да, животных здесь фиг найдешь...
[01:57:18] [Async Chat Thread - #118/INFO]: [Not Secure] <D3ltA_O5> уф
[01:58:22] [Async Chat Thread - #120/INFO]: [Not Secure] <D3ltA_O5> Так-с, я пока дальше сервера фиксить а то СЛ отвалились
[01:58:29] [Async Chat Thread - #120/INFO]: [Not Secure] <oorafrt> оке
[01:58:39] [Async Chat Thread - #121/INFO]: [Not Secure] <D3ltA_O5> И лучше выйду, а то я кажется поняла почему тогда могла помереть
[01:58:44] [Async Chat Thread - #120/INFO]: [Not Secure] <D3ltA_O5> с незериткой
[01:58:51] [Async Chat Thread - #120/INFO]: [Not Secure] <D3ltA_O5> тоже афкшила скорее всего
[01:58:54] [Async Chat Thread - #121/INFO]: [Not Secure] <D3ltA_O5> хд
[01:59:23] [Async Chat Thread - #120/INFO]: [Not Secure] <D3ltA_O5> Спокойной) И спасибо большое, мне такие эстетишные штучки думаю скоро к месту будут))
[01:59:33] [Async Chat Thread - #121/INFO]: [Not Secure] <oorafrt> давай, спокойной ночи
[01:59:37] [Async Chat Thread - #121/INFO]: [Not Secure] <D3ltA_O5> Сяб))
[01:59:44] [Server thread/INFO]: D3ltA_O5 lost connection: Disconnected
[01:59:44] [Server thread/INFO]: D3ltA_O5 left the game
[02:27:22] [Server thread/INFO]: oorafrt lost connection: Disconnected
[02:27:22] [Server thread/INFO]: oorafrt left the game
